C:\USERS\ARNE\DESKTOP\PROJECT 6. JAN\VISUAL STUDIO 2010\MICROBIOLOGY\ALIGNMENT\DEBUG\ALIGNMENT.EXE.EMBED.MANIFEST
C:\USERS\ARNE\DESKTOP\PROJECT 6. JAN\VISUAL STUDIO 2010\MICROBIOLOGY\ALIGNMENT\DEBUG\ALIGNMENT.EXE.EMBED.MANIFEST.RES
C:\USERS\ARNE\DESKTOP\PROJECT 6. JAN\VISUAL STUDIO 2010\MICROBIOLOGY\ALIGNMENT\DEBUG\ALIGNMENT.EXE.INTERMEDIATE.MANIFEST
C:\USERS\ARNE\DESKTOP\PROJECT 6. JAN\VISUAL STUDIO 2010\MICROBIOLOGY\ALIGNMENT\DEBUG\ALIGNMENT.OBJ
C:\Users\arne\Desktop\Project 6. Jan\visual studio 2010\microbiology\alignment\Debug\alignment_manifest.rc
C:\Users\arne\Desktop\Project 6. Jan\visual studio 2010\microbiology\alignment\Debug\cl.command.1.tlog
C:\Users\arne\Desktop\Project 6. Jan\visual studio 2010\microbiology\alignment\Debug\CL.read.1.tlog
C:\Users\arne\Desktop\Project 6. Jan\visual studio 2010\microbiology\alignment\Debug\CL.write.1.tlog
C:\USERS\ARNE\DESKTOP\PROJECT 6. JAN\VISUAL STUDIO 2010\MICROBIOLOGY\ALIGNMENT\DEBUG\LIB.OBJ
C:\Users\arne\Desktop\Project 6. Jan\visual studio 2010\microbiology\alignment\Debug\link.6820.read.1.tlog
C:\Users\arne\Desktop\Project 6. Jan\visual studio 2010\microbiology\alignment\Debug\link.6820.write.1.tlog
C:\Users\arne\Desktop\Project 6. Jan\visual studio 2010\microbiology\alignment\Debug\link.6820-cvtres.read.1.tlog
C:\Users\arne\Desktop\Project 6. Jan\visual studio 2010\microbiology\alignment\Debug\link.6820-cvtres.write.1.tlog
C:\Users\arne\Desktop\Project 6. Jan\visual studio 2010\microbiology\alignment\Debug\link.6960.read.1.tlog
C:\Users\arne\Desktop\Project 6. Jan\visual studio 2010\microbiology\alignment\Debug\link.6960.write.1.tlog
C:\Users\arne\Desktop\Project 6. Jan\visual studio 2010\microbiology\alignment\Debug\link.6960-cvtres.read.1.tlog
C:\Users\arne\Desktop\Project 6. Jan\visual studio 2010\microbiology\alignment\Debug\link.6960-cvtres.write.1.tlog
C:\Users\arne\Desktop\Project 6. Jan\visual studio 2010\microbiology\alignment\Debug\link.7320.read.1.tlog
C:\Users\arne\Desktop\Project 6. Jan\visual studio 2010\microbiology\alignment\Debug\link.7320.write.1.tlog
C:\Users\arne\Desktop\Project 6. Jan\visual studio 2010\microbiology\alignment\Debug\link.7320-cvtres.read.1.tlog
C:\Users\arne\Desktop\Project 6. Jan\visual studio 2010\microbiology\alignment\Debug\link.7320-cvtres.write.1.tlog
C:\Users\arne\Desktop\Project 6. Jan\visual studio 2010\microbiology\alignment\Debug\link.command.1.tlog
C:\Users\arne\Desktop\Project 6. Jan\visual studio 2010\microbiology\alignment\Debug\link.read.1.tlog
C:\Users\arne\Desktop\Project 6. Jan\visual studio 2010\microbiology\alignment\Debug\link.write.1.tlog
C:\Users\arne\Desktop\Project 6. Jan\visual studio 2010\microbiology\alignment\Debug\link-cvtres.read.1.tlog
C:\Users\arne\Desktop\Project 6. Jan\visual studio 2010\microbiology\alignment\Debug\link-cvtres.write.1.tlog
C:\Users\arne\Desktop\Project 6. Jan\visual studio 2010\microbiology\alignment\Debug\mt.command.1.tlog
C:\Users\arne\Desktop\Project 6. Jan\visual studio 2010\microbiology\alignment\Debug\mt.read.1.tlog
C:\Users\arne\Desktop\Project 6. Jan\visual studio 2010\microbiology\alignment\Debug\mt.write.1.tlog
C:\Users\arne\Desktop\Project 6. Jan\visual studio 2010\microbiology\alignment\Debug\rc.command.1.tlog
C:\Users\arne\Desktop\Project 6. Jan\visual studio 2010\microbiology\alignment\Debug\rc.read.1.tlog
C:\Users\arne\Desktop\Project 6. Jan\visual studio 2010\microbiology\alignment\Debug\rc.write.1.tlog
C:\USERS\ARNE\DESKTOP\PROJECT 6. JAN\VISUAL STUDIO 2010\MICROBIOLOGY\ALIGNMENT\DEBUG\SUPPORT.OBJ
C:\USERS\ARNE\DESKTOP\PROJECT 6. JAN\VISUAL STUDIO 2010\MICROBIOLOGY\ALIGNMENT\DEBUG\SYSTEM.OBJ
C:\USERS\ARNE\DESKTOP\PROJECT 6. JAN\VISUAL STUDIO 2010\MICROBIOLOGY\ALIGNMENT\DEBUG\TINYXML2.OBJ
C:\Users\arne\Desktop\Project 6. Jan\visual studio 2010\microbiology\alignment\Debug\vc100.idb
C:\USERS\ARNE\DESKTOP\PROJECT 6. JAN\VISUAL STUDIO 2010\MICROBIOLOGY\ALIGNMENT\DEBUG\VC100.PDB
C:\USERS\ARNE\DESKTOP\PROJECT 6. JAN\VISUAL STUDIO 2010\MICROBIOLOGY\DEBUG\ALIGNMENT.EXE
C:\USERS\ARNE\DESKTOP\PROJECT 6. JAN\VISUAL STUDIO 2010\MICROBIOLOGY\DEBUG\ALIGNMENT.ILK
C:\USERS\ARNE\DESKTOP\PROJECT 6. JAN\VISUAL STUDIO 2010\MICROBIOLOGY\DEBUG\ALIGNMENT.PDB
