Build started 1/19/2014 11:26:36 PM.
     1>Project "C:\Users\arne\Desktop\Project 16.  Jan\visual studio 2010\microbiology\alignment\alignment.vcxproj" on node 2 (build target(s)).
     1>InitializeBuildStatus:
         Creating "Release\alignment.unsuccessfulbuild" because "AlwaysCreate" was specified.
       ClCompile:
         c:\Program Files\Microsoft Visual Studio 10.0\VC\bin\CL.exe /c /I..\..\..\alignment\include /Zi /nologo /W3 /WX- /O2 /Oi /Oy- /GL /D WIN32 /D NDEBUG /D _CONSOLE /D _UNICODE /D UNICODE /Gm- /EHsc /MD /GS /Gy /fp:precise /Zc:wchar_t /Zc:forScope /Fo"Release\\" /Fd"Release\vc100.pdb" /Gd /TP /analyze- /errorReport:prompt ..\..\..\alignment\source\lib.cpp genetics.cpp
         lib.cpp
         genetics.cpp
       Link:
         c:\Program Files\Microsoft Visual Studio 10.0\VC\bin\link.exe /ERRORREPORT:PROMPT /OUT:"C:\Users\arne\Desktop\Project 16.  Jan\visual studio 2010\microbiology\Release\alignment.exe" /INCREMENTAL:NO /NOLOGO kernel32.lib user32.lib gdi32.lib winspool.lib comdlg32.lib advapi32.lib shell32.lib ole32.lib oleaut32.lib uuid.lib odbc32.lib odbccp32.lib /MANIFEST /ManifestFile:"Release\alignment.exe.intermediate.manifest" /MANIFESTUAC:"level='asInvoker' uiAccess='false'" /DEBUG /PDB:"C:\Users\arne\Desktop\Project 16.  Jan\visual studio 2010\microbiology\Release\alignment.pdb" /SUBSYSTEM:CONSOLE /OPT:REF /OPT:ICF /LTCG /TLBID:1 /DYNAMICBASE /NXCOMPAT /IMPLIB:"C:\Users\arne\Desktop\Project 16.  Jan\visual studio 2010\microbiology\Release\alignment.lib" /MACHINE:X86 Release\lib.obj
         Release\sequence.obj
         Release\support.obj
         Release\system.obj
         Release\tinyxml2.obj
         Release\genetics.obj
         Generating code
         Finished generating code
         alignment.vcxproj -> C:\Users\arne\Desktop\Project 16.  Jan\visual studio 2010\microbiology\Release\alignment.exe
       Manifest:
         C:\Program Files\Microsoft SDKs\Windows\v7.0A\bin\mt.exe /nologo /verbose /outputresource:"C:\Users\arne\Desktop\Project 16.  Jan\visual studio 2010\microbiology\Release\alignment.exe;#1" /manifest Release\alignment.exe.intermediate.manifest
       FinalizeBuildStatus:
         Deleting file "Release\alignment.unsuccessfulbuild".
         Touching "Release\alignment.lastbuildstate".
     1>Done Building Project "C:\Users\arne\Desktop\Project 16.  Jan\visual studio 2010\microbiology\alignment\alignment.vcxproj" (build target(s)).

Build succeeded.

Time Elapsed 00:00:02.52
