C:\USERS\ARNE\DESKTOP\PROJECT 13.  JAN\VISUAL STUDIO 2010\MICROBIOLOGY\ALIGNMENT\RELEASE\ALIGNMENT.EXE.INTERMEDIATE.MANIFEST
C:\USERS\ARNE\DESKTOP\PROJECT 13.  JAN\VISUAL STUDIO 2010\MICROBIOLOGY\ALIGNMENT\RELEASE\LIB.OBJ
C:\USERS\ARNE\DESKTOP\PROJECT 13.  JAN\VISUAL STUDIO 2010\MICROBIOLOGY\ALIGNMENT\RELEASE\SUPPORT.OBJ
C:\USERS\ARNE\DESKTOP\PROJECT 13.  JAN\VISUAL STUDIO 2010\MICROBIOLOGY\ALIGNMENT\RELEASE\SYSTEM.OBJ
C:\USERS\ARNE\DESKTOP\PROJECT 13.  JAN\VISUAL STUDIO 2010\MICROBIOLOGY\ALIGNMENT\RELEASE\TINYXML2.OBJ
C:\USERS\ARNE\DESKTOP\PROJECT 13.  JAN\VISUAL STUDIO 2010\MICROBIOLOGY\ALIGNMENT\RELEASE\VC100.PDB
C:\USERS\ARNE\DESKTOP\PROJECT 13.  JAN\VISUAL STUDIO 2010\MICROBIOLOGY\RELEASE\ALIGNMENT.EXE
C:\USERS\ARNE\DESKTOP\PROJECT 13.  JAN\VISUAL STUDIO 2010\MICROBIOLOGY\RELEASE\ALIGNMENT.PDB
C:\USERS\ARNE\DESKTOP\PROJECT 13. JAN\VISUAL STUDIO 2010\MICROBIOLOGY\ALIGNMENT\RELEASE\ALIGNMENT.EXE.INTERMEDIATE.MANIFEST
C:\USERS\ARNE\DESKTOP\PROJECT 13. JAN\VISUAL STUDIO 2010\MICROBIOLOGY\ALIGNMENT\RELEASE\LIB.OBJ
C:\USERS\ARNE\DESKTOP\PROJECT 13. JAN\VISUAL STUDIO 2010\MICROBIOLOGY\ALIGNMENT\RELEASE\SUPPORT.OBJ
C:\USERS\ARNE\DESKTOP\PROJECT 13. JAN\VISUAL STUDIO 2010\MICROBIOLOGY\ALIGNMENT\RELEASE\SYSTEM.OBJ
C:\USERS\ARNE\DESKTOP\PROJECT 13. JAN\VISUAL STUDIO 2010\MICROBIOLOGY\ALIGNMENT\RELEASE\TINYXML2.OBJ
C:\USERS\ARNE\DESKTOP\PROJECT 13. JAN\VISUAL STUDIO 2010\MICROBIOLOGY\ALIGNMENT\RELEASE\VC100.PDB
C:\USERS\ARNE\DESKTOP\PROJECT 13. JAN\VISUAL STUDIO 2010\MICROBIOLOGY\RELEASE\ALIGNMENT.EXE
C:\USERS\ARNE\DESKTOP\PROJECT 13. JAN\VISUAL STUDIO 2010\MICROBIOLOGY\RELEASE\ALIGNMENT.PDB
C:\USERS\ARNE\DESKTOP\PROJECT 14.  JAN\VISUAL STUDIO 2010\MICROBIOLOGY\ALIGNMENT\RELEASE\ALIGNMENT.EXE.INTERMEDIATE.MANIFEST
C:\USERS\ARNE\DESKTOP\PROJECT 14.  JAN\VISUAL STUDIO 2010\MICROBIOLOGY\ALIGNMENT\RELEASE\LIB.OBJ
C:\USERS\ARNE\DESKTOP\PROJECT 14.  JAN\VISUAL STUDIO 2010\MICROBIOLOGY\ALIGNMENT\RELEASE\SEQUENCE.OBJ
C:\USERS\ARNE\DESKTOP\PROJECT 14.  JAN\VISUAL STUDIO 2010\MICROBIOLOGY\ALIGNMENT\RELEASE\SUPPORT.OBJ
C:\USERS\ARNE\DESKTOP\PROJECT 14.  JAN\VISUAL STUDIO 2010\MICROBIOLOGY\ALIGNMENT\RELEASE\SYSTEM.OBJ
C:\USERS\ARNE\DESKTOP\PROJECT 14.  JAN\VISUAL STUDIO 2010\MICROBIOLOGY\ALIGNMENT\RELEASE\TINYXML2.OBJ
C:\USERS\ARNE\DESKTOP\PROJECT 14.  JAN\VISUAL STUDIO 2010\MICROBIOLOGY\ALIGNMENT\RELEASE\VC100.PDB
C:\USERS\ARNE\DESKTOP\PROJECT 14.  JAN\VISUAL STUDIO 2010\MICROBIOLOGY\RELEASE\ALIGNMENT.EXE
C:\USERS\ARNE\DESKTOP\PROJECT 14.  JAN\VISUAL STUDIO 2010\MICROBIOLOGY\RELEASE\ALIGNMENT.PDB
C:\USERS\ARNE\DESKTOP\PROJECT 15.  JAN\VISUAL STUDIO 2010\MICROBIOLOGY\ALIGNMENT\RELEASE\ALIGNMENT.EXE.INTERMEDIATE.MANIFEST
C:\USERS\ARNE\DESKTOP\PROJECT 15.  JAN\VISUAL STUDIO 2010\MICROBIOLOGY\ALIGNMENT\RELEASE\LIB.OBJ
C:\USERS\ARNE\DESKTOP\PROJECT 15.  JAN\VISUAL STUDIO 2010\MICROBIOLOGY\ALIGNMENT\RELEASE\SEQUENCE.OBJ
C:\USERS\ARNE\DESKTOP\PROJECT 15.  JAN\VISUAL STUDIO 2010\MICROBIOLOGY\ALIGNMENT\RELEASE\SUPPORT.OBJ
C:\USERS\ARNE\DESKTOP\PROJECT 15.  JAN\VISUAL STUDIO 2010\MICROBIOLOGY\ALIGNMENT\RELEASE\SYSTEM.OBJ
C:\USERS\ARNE\DESKTOP\PROJECT 15.  JAN\VISUAL STUDIO 2010\MICROBIOLOGY\ALIGNMENT\RELEASE\TINYXML2.OBJ
C:\USERS\ARNE\DESKTOP\PROJECT 15.  JAN\VISUAL STUDIO 2010\MICROBIOLOGY\ALIGNMENT\RELEASE\VC100.PDB
C:\USERS\ARNE\DESKTOP\PROJECT 15.  JAN\VISUAL STUDIO 2010\MICROBIOLOGY\RELEASE\ALIGNMENT.EXE
C:\USERS\ARNE\DESKTOP\PROJECT 15.  JAN\VISUAL STUDIO 2010\MICROBIOLOGY\RELEASE\ALIGNMENT.PDB
C:\USERS\ARNE\DESKTOP\PROJECT 16.  JAN\VISUAL STUDIO 2010\MICROBIOLOGY\ALIGNMENT\RELEASE\ALIGNMENT.EXE.INTERMEDIATE.MANIFEST
C:\Users\arne\Desktop\Project 16.  Jan\visual studio 2010\microbiology\alignment\Release\cl.command.1.tlog
C:\Users\arne\Desktop\Project 16.  Jan\visual studio 2010\microbiology\alignment\Release\CL.read.1.tlog
C:\Users\arne\Desktop\Project 16.  Jan\visual studio 2010\microbiology\alignment\Release\CL.write.1.tlog
C:\USERS\ARNE\DESKTOP\PROJECT 16.  JAN\VISUAL STUDIO 2010\MICROBIOLOGY\ALIGNMENT\RELEASE\GENETICS.OBJ
C:\USERS\ARNE\DESKTOP\PROJECT 16.  JAN\VISUAL STUDIO 2010\MICROBIOLOGY\ALIGNMENT\RELEASE\LIB.OBJ
C:\Users\arne\Desktop\Project 16.  Jan\visual studio 2010\microbiology\alignment\Release\link.command.1.tlog
C:\Users\arne\Desktop\Project 16.  Jan\visual studio 2010\microbiology\alignment\Release\link.read.1.tlog
C:\Users\arne\Desktop\Project 16.  Jan\visual studio 2010\microbiology\alignment\Release\link.write.1.tlog
C:\Users\arne\Desktop\Project 16.  Jan\visual studio 2010\microbiology\alignment\Release\mt.command.1.tlog
C:\Users\arne\Desktop\Project 16.  Jan\visual studio 2010\microbiology\alignment\Release\mt.read.1.tlog
C:\Users\arne\Desktop\Project 16.  Jan\visual studio 2010\microbiology\alignment\Release\mt.write.1.tlog
C:\USERS\ARNE\DESKTOP\PROJECT 16.  JAN\VISUAL STUDIO 2010\MICROBIOLOGY\ALIGNMENT\RELEASE\SEQUENCE.OBJ
C:\USERS\ARNE\DESKTOP\PROJECT 16.  JAN\VISUAL STUDIO 2010\MICROBIOLOGY\ALIGNMENT\RELEASE\SUPPORT.OBJ
C:\USERS\ARNE\DESKTOP\PROJECT 16.  JAN\VISUAL STUDIO 2010\MICROBIOLOGY\ALIGNMENT\RELEASE\SYSTEM.OBJ
C:\USERS\ARNE\DESKTOP\PROJECT 16.  JAN\VISUAL STUDIO 2010\MICROBIOLOGY\ALIGNMENT\RELEASE\TINYXML2.OBJ
C:\USERS\ARNE\DESKTOP\PROJECT 16.  JAN\VISUAL STUDIO 2010\MICROBIOLOGY\ALIGNMENT\RELEASE\VC100.PDB
C:\USERS\ARNE\DESKTOP\PROJECT 16.  JAN\VISUAL STUDIO 2010\MICROBIOLOGY\RELEASE\ALIGNMENT.EXE
C:\USERS\ARNE\DESKTOP\PROJECT 16.  JAN\VISUAL STUDIO 2010\MICROBIOLOGY\RELEASE\ALIGNMENT.PDB
